<?xml version="1.0" encoding="UTF-8"?>
<testng-results ignored="0" total="2" passed="2" failed="0" skipped="0">
  <reporter-output>
  </reporter-output>
  <suite started-at="2020-05-21T10:48:06Z" name="Default suite" finished-at="2020-05-21T10:48:30Z" duration-ms="24091">
    <groups>
    </groups>
    <test started-at="2020-05-21T10:48:06Z" name="Default test" finished-at="2020-05-21T10:48:30Z" duration-ms="24091">
      <class name="com.qa.mercury.tests.LaunchTest">
        <test-method is-config="true" signature="setup()[pri:0, instance:com.qa.mercury.tests.LaunchTest@4b45a2f5]" started-at="2020-05-21T10:48:06Z" name="setup" finished-at="2020-05-21T10:48:29Z" duration-ms="22756" status="PASS">
          <reporter-output>
          </reporter-output>
        </test-method> <!-- setup -->
        <test-method signature="validatepagetitleTest()[pri:1, instance:com.qa.mercury.tests.LaunchTest@4b45a2f5]" started-at="2020-05-21T10:48:29Z" name="validatepagetitleTest" finished-at="2020-05-21T10:48:29Z" duration-ms="14" status="PASS">
          <reporter-output>
          </reporter-output>
        </test-method> <!-- validatepagetitleTest -->
        <test-method signature="validatepagelogoTest()[pri:2, instance:com.qa.mercury.tests.LaunchTest@4b45a2f5]" started-at="2020-05-21T10:48:29Z" name="validatepagelogoTest" finished-at="2020-05-21T10:48:29Z" duration-ms="426" status="PASS">
          <reporter-output>
          </reporter-output>
        </test-method> <!-- validatepagelogoTest -->
        <test-method is-config="true" signature="teardown()[pri:0, instance:com.qa.mercury.tests.LaunchTest@4b45a2f5]" started-at="2020-05-21T10:48:29Z" name="teardown" finished-at="2020-05-21T10:48:30Z" duration-ms="828" status="PASS">
          <reporter-output>
          </reporter-output>
        </test-method> <!-- teardown -->
      </class> <!-- com.qa.mercury.tests.LaunchTest -->
    </test> <!-- Default test -->
  </suite> <!-- Default suite -->
</testng-results>
